<?xml version="1.0" encoding="UTF-8"?>
<!-- Generated by org.testng.reporters.JUnitReportReporter -->
<testsuite hostname="MSI" failures="0" tests="1" name="actionExample.Amazon_WishListExample" time="4.225" errors="0" timestamp="2024-08-31T10:58:29 IST" skipped="0">
  <testcase classname="actionExample.Amazon_WishListExample" name="verifypromptAlert" time="4.225"/>
  <system-out/>
</testsuite> <!-- actionExample.Amazon_WishListExample -->
