<?xml version="1.0" encoding="UTF-8"?>
<!-- Generated by org.testng.reporters.JUnitReportReporter -->
<testsuite hostname="MSI" failures="0" tests="1" name="excelFileExample.RegisterStudentExcelTest" time="59.389" errors="0" timestamp="2024-07-26T10:25:54 IST" skipped="0">
  <testcase classname="excelFileExample.RegisterStudentExcelTest" name="RegistrationDataDrivernTest" time="59.389"/>
  <system-out/>
</testsuite> <!-- excelFileExample.RegisterStudentExcelTest -->
