<?xml version="1.0" encoding="UTF-8"?>
<!-- Generated by org.testng.reporters.JUnitReportReporter -->
<testsuite hostname="MSI" failures="0" tests="1" name="testExample.LoginTest" time="0.237" errors="0" timestamp="2024-07-27T09:36:11 IST" skipped="0">
  <testcase classname="testExample.LoginTest" name="verifyLoginTest" time="0.237"/>
  <system-out/>
</testsuite> <!-- testExample.LoginTest -->
