<?xml version="1.0" encoding="UTF-8"?>
<!-- Generated by org.testng.reporters.JUnitReportReporter -->
<testsuite hostname="win2019" failures="0" tests="1" name="actionExample.Amazon_WishListExample" time="5.189" errors="0" timestamp="2024-08-31T00:21:30 PDT" skipped="0">
  <testcase classname="actionExample.Amazon_WishListExample" name="verifypromptAlert" time="5.189"/>
  <system-out/>
</testsuite> <!-- actionExample.Amazon_WishListExample -->
